<?xml version="1.0" encoding="UTF-8"?>
<!-- Generated by org.testng.reporters.JUnitXMLReporter -->
<testsuite hostname="LAPTOP-8V3K0TJC" ignored="0" name="Test" tests="4" failures="0" timestamp="07 Dec 2020 12:25:55 GMT" time="38.785" errors="0">
  <testcase name="basePageNavigation" time="14.098" classname="Training.HomePage"/>
  <testcase name="basePageNavigation" time="6.489" classname="Training.HomePage"/>
  <testcase name="basePageNavigationNavBar" time="0.045" classname="Training.NavBar"/>
  <testcase name="basePageNavigationTitle" time="0.033" classname="Training.validateTitle"/>
</testsuite> <!-- Test -->
