<?xml version="1.0" encoding="UTF-8"?>
<testng-results skipped="0" failed="0" ignored="0" total="1" passed="1">
  <reporter-output>
  </reporter-output>
  <suite name="Suite" duration-ms="46095" started-at="2020-12-10T07:29:11Z" finished-at="2020-12-10T07:29:57Z">
    <groups>
      <group name="cucumber">
        <method signature="AbstractTestNGCucumberTests.feature(cucumber.api.testng.CucumberFeatureWrapper)[pri:0, instance:runnerPackage.TestRunner@62230c58]" name="feature" class="cucumber.api.testng.AbstractTestNGCucumberTests"/>
      </group> <!-- cucumber -->
    </groups>
    <test name="Validate User Login" duration-ms="46095" started-at="2020-12-10T07:29:11Z" finished-at="2020-12-10T07:29:57Z">
      <class name="runnerPackage.TestRunner">
        <test-method status="PASS" signature="setUpClass()[pri:0, instance:runnerPackage.TestRunner@62230c58]" name="setUpClass" is-config="true" duration-ms="206" started-at="2020-12-10T07:29:11Z" finished-at="2020-12-10T07:29:11Z">
          <reporter-output>
          </reporter-output>
        </test-method> <!-- setUpClass -->
        <test-method status="PASS" signature="feature(cucumber.api.testng.CucumberFeatureWrapper)[pri:0, instance:runnerPackage.TestRunner@62230c58]" name="feature" duration-ms="45725" started-at="2020-12-10T07:29:11Z" description="Runs Cucumber Feature" data-provider="features" finished-at="2020-12-10T07:29:57Z">
          <params>
            <param index="0">
              <value>
                <![CDATA[Login into Application]]>
              </value>
            </param>
          </params>
          <reporter-output>
          </reporter-output>
        </test-method> <!-- feature -->
        <test-method status="PASS" signature="tearDownClass()[pri:0, instance:runnerPackage.TestRunner@62230c58]" name="tearDownClass" is-config="true" duration-ms="6" started-at="2020-12-10T07:29:57Z" finished-at="2020-12-10T07:29:57Z">
          <reporter-output>
          </reporter-output>
        </test-method> <!-- tearDownClass -->
      </class> <!-- runnerPackage.TestRunner -->
    </test> <!-- Validate User Login -->
  </suite> <!-- Suite -->
</testng-results>
